


ARM Macro Assembler    Page 1 


    1 00000000         ;/******************************************************
                       ***********************/
    2 00000000         ; OSasm.s: low-level OS commands, written in assembly   
                                           */
    3 00000000         ; Runs on LM4F120/TM4C123
    4 00000000         ; A very simple real time operating system with minimal 
                       features.
    5 00000000         
    6 00000000         
    7 00000000                 AREA             |.text|, CODE, READONLY, ALIGN=
2
    8 00000000                 THUMB
    9 00000000                 REQUIRE8
   10 00000000                 PRESERVE8
   11 00000000         
   12 00000000                 EXTERN           RunPt       ; currently running
                                                             thread
   13 00000000                 EXPORT           OS_DisableInterrupts
   14 00000000                 EXPORT           OS_EnableInterrupts
   15 00000000                 EXPORT           StartOS
   16 00000000                 EXPORT           SysTick_Handler
   17 00000000         
   18 00000000         
   19 00000000         OS_DisableInterrupts
   20 00000000 B672            CPSID            I
   21 00000002 4770            BX               LR
   22 00000004         
   23 00000004         
   24 00000004         OS_EnableInterrupts
   25 00000004 B662            CPSIE            I
   26 00000006 4770            BX               LR
   27 00000008         
   28 00000008         
   29 00000008         SysTick_Handler                      ; 1) Saves R0-R3,R1
                                                            2,LR,PC,PSR
   30 00000008 B672            CPSID            I           ; 2) Prevent interr
                                                            upt during switch
   31 0000000A E92D 0FF0       PUSH             {R4-R11}    ; 3) Save remaining
                                                             regs r4-11
   32 0000000E 480E            LDR              R0, =RunPt  ; 4) R0=pointer to 
                                                            RunPt, old thread
   33 00000010 6801            LDR              R1, [R0]    ;    R1 = RunPt
   34 00000012 F8C1 D000       STR              SP, [R1]    ; 5) Save SP into T
                                                            CB
   35 00000016 6849            LDR              R1, [R1,#4] ; 6) R1 = RunPt->ne
                                                            xt
   36 00000018 6001            STR              R1, [R0]    ;    RunPt = R1
   37 0000001A F8D1 D000       LDR              SP, [R1]    ; 7) new thread SP;
                                                             SP = RunPt->sp;
   38 0000001E E8BD 0FF0       POP              {R4-R11}    ; 8) restore regs r
                                                            4-11
   39 00000022 B662            CPSIE            I           ; 9) tasks run with
                                                             interrupts enabled
                                                            
   40 00000024 4770            BX               LR          ; 10) restore R0-R3
                                                            ,R12,LR,PC,PSR
   41 00000026         
   42 00000026         StartOS
   43 00000026 4808            LDR              R0, =RunPt  ; currently running



ARM Macro Assembler    Page 2 


                                                             thread
   44 00000028 6802            LDR              R2, [R0]    ; R2 = value of Run
                                                            Pt
   45 0000002A F8D2 D000       LDR              SP, [R2]    ; new thread SP; SP
                                                             = RunPt->stackPoin
                                                            ter;
   46 0000002E E8BD 0FF0       POP              {R4-R11}    ; restore regs r4-1
                                                            1
   47 00000032 BC0F            POP              {R0-R3}     ; restore regs r0-3
                                                            
   48 00000034 F85D CB04       POP              {R12}
   49 00000038 F85D EB04       POP              {LR}        ; discard LR from i
                                                            nitial stack
   50 0000003C F85D EB04       POP              {LR}        ; start location
   51 00000040 BC02            POP              {R1}        ; discard PSR
   52 00000042 B662            CPSIE            I           ; Enable interrupts
                                                             at processor level
                                                            
   53 00000044 4770            BX               LR          ; start first threa
                                                            d
   54 00000046         
   55 00000046 00 00           ALIGN
   56 00000048                 END
              00000000 
Command Line: --debug --xref --diag_suppress=9931 --cpu=Cortex-M4 --apcs=interw
ork --depend=.\osasm.d -o.\osasm.o -I.\RTE\_RTOS -IC:\Users\kishore\AppData\Loc
al\Arm\Packs\ARM\CMSIS\5.5.1\CMSIS\Core\Include -IC:\Users\kishore\AppData\Loca
l\Arm\Packs\Keil\LM4F_DFP\1.0.0\Device\Include --predefine="__UVISION_VERSION S
ETA 528" --predefine="_RTE_ SETA 1" --predefine="LM4F120 SETA 1" --list=.\osasm
.lst osasm.s



ARM Macro Assembler    Page 1 Alphabetic symbol ordering
Relocatable symbols

.text 00000000

Symbol: .text
   Definitions
      At line 7 in file osasm.s
   Uses
      None
Comment: .text unused
OS_DisableInterrupts 00000000

Symbol: OS_DisableInterrupts
   Definitions
      At line 19 in file osasm.s
   Uses
      At line 13 in file osasm.s
Comment: OS_DisableInterrupts used once
OS_EnableInterrupts 00000004

Symbol: OS_EnableInterrupts
   Definitions
      At line 24 in file osasm.s
   Uses
      At line 14 in file osasm.s
Comment: OS_EnableInterrupts used once
StartOS 00000026

Symbol: StartOS
   Definitions
      At line 42 in file osasm.s
   Uses
      At line 15 in file osasm.s
Comment: StartOS used once
SysTick_Handler 00000008

Symbol: SysTick_Handler
   Definitions
      At line 29 in file osasm.s
   Uses
      At line 16 in file osasm.s
Comment: SysTick_Handler used once
5 symbols



ARM Macro Assembler    Page 1 Alphabetic symbol ordering
External symbols

RunPt 00000000

Symbol: RunPt
   Definitions
      At line 12 in file osasm.s
   Uses
      At line 32 in file osasm.s
      At line 43 in file osasm.s

1 symbol
341 symbols in table
